the	56
a	30
to	26
in	25
of	23
and	18
was	15
with	11
it	10
by	9
los	9
they	8
mississippi	7
northridge	7
angeles	6
at	6
but	6
news	6
play	6
state	6
that	6
bullet	5
for	5
from	5
had	5
he	5
scored	5
sheriff's	5
about	4
bulldogs	4
can	4
deputy	4
have	4
new	4
out	4
said	4
same	4
since	4
when	4
before	3
bullets	3
difficult	3
doctors	3
don't	3
fewer	3
first	3
game	3
has	3
his	3
last	3
matadors	3
most	3
night	3
other	3
points	3
police	3
ranked	3
team	3
this	3
thomas	3
time	3
took	3
win	3
x	3
year's	3
you	3
after	2
all	2
also	2
although	2
an	2
as	2
be	2
been	2
big	2
boy	2
came	2
coach	2
conference	2
csun	2
cut	2
daily	2
department	2
eight	2
ended	2
falling	2
far	2
gave	2
get	2
gunfire	2
gunshots	2
half	2
injuries	2
it's	2
just	2
made	2
meyer	2
nationally	2
ncaa	2
need	2
no	2
nytimes	2
on	2
outside	2
over	2
player	2
probably	2
r	2
run	2
second	2
service	2
she	2
sky	2
so	2
someone	2
story	2
taking	2
temple	2
their	2
they're	2
throughout	2
tournament	2
turnovers	2
two	2
use	2
we	2
weren't	2
where	2
who	2
acoustic	1
air	1
amari	1
any	1
anyone	1
are	1
arrests	1
authorities	1
automatic	1
avenue	1
away	1
back	1
baker	1
ball	1
barnathan	1
barrage	1
basketball	1
begins	1
believe	1
below	1
blasts	1
blazing	1
boards	1
bother	1
bruce	1
bunches	1
cal	1
can't	1
catching	1
caused	1
celebrating	1
celebratory	1
central	1
city's	1
close	1
clues	1
come	1
commit	1
committed	1
committing	1
complaints	1
completed	1
could	1
county	1
crowd	1
csun's	1
curry	1
cynthia	1
damp	1
david	1
deficit	1
deliver	1
depressing	1
designed	1
desire	1
despite	1
didn't	1
distance	1
division	1
do	1
double	1
doused	1
down	1
downtown	1
during	1
edneisha	1
effort	1
either	1
elevating	1
enduring	1
enough	1
entire	1
era	1
estimated	1
even	1
every	1
expected	1
explosions	1
face	1
fambrough	1
faning	1
fell	1
festivities	1
firecracker	1
firing	1
flooded	1
freshman	1
friday	1
friends	1
frozena	1
getting	1
glimpse	1
goal	1
going	1
golden	1
got	1
guns	1
guy	1
halftime	1
hall	1
hard	1
head	1
heard	1
heart	1
heights	1
helps	1
here	1
high	1
hit	1
holiday	1
home	1
hope	1
hospitalized	1
house	1
hungry	1
i	1
idea	1
illinois	1
including	1
into	1
is	1
isn't	1
its	1
jennifer	1
jerro	1
larry	1
lashaunda	1
latoya	1
learn	1
learned	1
leaves	1
lee	1
lesson	1
level	1
like	1
location	1
lodged	1
losses	1
lot	1
lynda	1
make	1
many	1
masking	1
meadow	1
might	1
millennium	1
morning	1
name	1
next	1
nonconference	1
north	1
northeast	1
northern	1
northridge's	1
number	1
officer	1
officers	1
official	1
overloaded	1
overstreet	1
oxnard	1
past	1
percent	1
pierced	1
pinpoint	1
players	1
plucked	1
portion	1
provided	1
put	1
quickly	1
reached	1
rebound	1
rebounding	1
received	1
record	1
remain	1
remains	1
reminder	1
removed	1
report	1
reports	1
responded	1
responsible	1
right	1
rushed	1
s	1
saturday	1
scalp	1
schedule	1
school	1
sealed	1
season	1
senseless	1
sensors	1
separate	1
sharon	1
shoot	1
shooting	1
shortly	1
shot	1
shotspotter	1
shoulder	1
signs	1
six	1
small	1
some	1
something	1
sound	1
south	1
spot	1
stamp	1
standing	1
state's	1
stations	1
steven	1
stokes	1
straight	1
stroke	1
struck	1
such	1
sunday	1
surveillance	1
system	1
system's	1
talked	1
talking	1
taught	1
teams	1
tell	1
than	1
them	1
then	1
they'll	1
think	1
those	1
three	1
thursday	1
tiny	1
toly	1
tradition's	1
trailed	1
travel	1
trevion	1
turned	1
type	1
until	1
valuable	1
ventura	1
very	1
victory	1
watch	1
watching	1
weather	1
week	1
well	1
were	1
west	1
what	1
whether	1
which	1
while	1
whose	1
withheld	1
women's	1
won't	1
work	1
wound	1
wounded	1
wounds	1
year	1
